<?xml version="1.0" encoding="UTF-8" ?>
<testsuite errors="0" failures="0" hostname="poc1-vm2.novalocal" name="com.jke.junit.AllTests" tests="46" time="41.854" timestamp="2016-03-07T12:49:31">
  <properties>
[...]
</properties>
  <testcase classname="com.jke.junit.OrganizationFinderJUnit" name="testAddSubclassInstancesBad" time="0.004" />
  <testcase classname="com.jke.junit.AccountLogicJUnit" name="testAccountLogic" time="6.355" />
  <testcase classname="com.jke.junit.AccountLogicJUnit" name="testAccountTypesArray" time="2.694" />
  <testcase classname="com.jke.junit.AccountLogicJUnit" name="testGetAccountNumber" time="2.524" />
  <testcase classname="com.jke.junit.AccountLogicJUnit" name="testGetUserAccountTypes" time="2.775" />
  <testcase classname="com.jke.junit.AccountLogicJUnit" name="testDetermineAcct" time="2.511" />
  <testcase classname="com.jke.junit.AccountLogicJUnit" name="testGetAccount" time="2.281" />
  <testcase classname="com.jke.junit.AccountLogicJUnit" name="testGetUserAccounts" time="2.449" />
  <testcase classname="com.jke.junit.BeanModelJUnit" name="testTransactionAmount" time="0.0" />
  <testcase classname="com.jke.junit.BeanModelJUnit" name="testTransactionDate" time="0.001" />
  <testcase classname="com.jke.junit.BeanModelJUnit" name="testContributionAccountNumber" time="0.001" />
  <testcase classname="com.jke.junit.BeanModelJUnit" name="testContributionOrganization" time="0.0" />
  <testcase classname="com.jke.junit.BeanModelJUnit" name="testContributionPercentage" time="0.0" />
  <testcase classname="com.jke.junit.BeanModelJUnit" name="testContributionDate" time="0.0" />
  <testcase classname="com.jke.junit.BeanModelJUnit" name="testAccountBalance" time="0.0" />
  <testcase classname="com.jke.junit.BeanModelJUnit" name="testAccountDividends" time="0.0" />
  <testcase classname="com.jke.junit.BeanModelJUnit" name="testAccountDividendsETD" time="0.001" />
  <testcase classname="com.jke.junit.BeanModelJUnit" name="testAccountContributions" time="0.0" />
  <testcase classname="com.jke.junit.BeanModelJUnit" name="testAccountContributionsETD" time="0.0" />
  <testcase classname="com.jke.junit.BeanModelJUnit" name="testAccountAccountNumber" time="0.0" />
  <testcase classname="com.jke.junit.BeanModelJUnit" name="testAccountUsername" time="0.001" />
  <testcase classname="com.jke.junit.BeanModelJUnit" name="testAccountType" time="0.0" />
  <testcase classname="com.jke.junit.BeanModelJUnit" name="testAccountBeanSerializer" time="0.005" />
  <testcase classname="com.jke.junit.BeanModelJUnit" name="testTransactionBeanSerializer" time="0.0" />
  <testcase classname="com.jke.junit.BeanModelJUnit" name="testUserBeanSerializer" time="0.004" />
  <testcase classname="com.jke.junit.BeanModelJUnit" name="testUserBeanUserName" time="0.0" />
  <testcase classname="com.jke.junit.BeanModelJUnit" name="testUserBeanFirstName" time="0.0" />
  <testcase classname="com.jke.junit.BeanModelJUnit" name="testUserBeanLastName" time="0.001" />
  <testcase classname="com.jke.junit.BeanModelJUnit" name="testTransactionBeanID" time="0.0" />
  <testcase classname="com.jke.junit.BeanModelJUnit" name="testTransactionBeanType" time="0.0" />
  <testcase classname="com.jke.junit.BeanModelJUnit" name="testTransactionBeanAccountNumber" time="0.001" />
  <testcase classname="com.jke.junit.BeanModelJUnit" name="testTransactionSource" time="0.0" />
  <testcase classname="com.jke.junit.DBJunit" name="testCreateLoadUsers" time="2.34" />
  <testcase classname="com.jke.junit.DBJunit" name="testCreateLoadTransactionBeans" time="3.029" />
  <testcase classname="com.jke.junit.DBJunit" name="testLogin" time="2.181" />
  <testcase classname="com.jke.junit.DBJunit" name="testCreateLoadAccountBean" time="4.296" />
  <testcase classname="com.jke.junit.OrganizationLogicJUnit" name="testAsMap" time="0.004" />
  <testcase classname="com.jke.junit.OrganizationLogicJUnit" name="testIsValidOrganization" time="0.001" />
  <testcase classname="com.jke.junit.OrganizationLogicJUnit" name="testNamesAsArray" time="0.001" />
  <testcase classname="com.jke.junit.TransactionLogicJUnit" name="testGetTransactionHistory" time="3.236" />
  <testcase classname="com.jke.junit.TransactionLogicJUnit" name="testGetProposedContributionTransaction" time="2.395" />
  <testcase classname="com.jke.junit.TransactionLogicJUnit" name="testPerformContribution" time="2.692" />
  <testcase classname="com.jke.junit.TestSalvationArmy" name="testOrganization" time="0.0" />
  <testcase classname="com.jke.junit.TestRedCross" name="testOrganization" time="0.001" />
  <testcase classname="com.jke.junit.TestCare" name="testOrganization" time="0.0" />
  <testcase classname="com.jke.junit.TestAmericanCancerSociety" name="testOrganization" time="0.0" />
  <system-out><![CDATA[Table created. JKEKeys
Table created. JKEuser
User created: Julie Brown
User created: Rita Betts
Table created. JKEaccounts
Account Created: 200
Account Created: 201
Account Created: 202
Account Created: 203
Account Created: 204
Account Created: 300
Account Created: 301
Account Created: 302
Account Created: 303
Account Created: 304
Table created. JKEtransactions
Transaction created: 200
Transaction created: 200
Transaction created: 200
Transaction created: 200
Transaction created: 200
Table created. JKEcontributions
Table created. JKEKeys
Table created. JKEuser
User created: Julie Brown
User created: Rita Betts
Table created. JKEaccounts
Account Created: 200
Account Created: 201
Account Created: 202
Account Created: 203
Account Created: 204
Account Created: 300
Account Created: 301
Account Created: 302
Account Created: 303
Account Created: 304
Table created. JKEtransactions
Transaction created: 200
Transaction created: 200
Transaction created: 200
Transaction created: 200
Transaction created: 200
Table created. JKEcontributions
Table created. JKEKeys
Table created. JKEuser
User created: Julie Brown
User created: Rita Betts
Table created. JKEaccounts
Account Created: 200
Account Created: 201
Account Created: 202
Account Created: 203
Account Created: 204
Account Created: 300
Account Created: 301
Account Created: 302
Account Created: 303
Account Created: 304
Table created. JKEtransactions
Transaction created: 200
Transaction created: 200
Transaction created: 200
Transaction created: 200
Transaction created: 200
Table created. JKEcontributions
Table created. JKEKeys
Table created. JKEuser
User created: Julie Brown
User created: Rita Betts
Table created. JKEaccounts
Account Created: 200
Account Created: 201
Account Created: 202
Account Created: 203
Account Created: 204
Account Created: 300
Account Created: 301
Account Created: 302
Account Created: 303
Account Created: 304
Table created. JKEtransactions
Transaction created: 200
Transaction created: 200
Transaction created: 200
Transaction created: 200
Transaction created: 200
Table created. JKEcontributions
Table created. JKEKeys
Table created. JKEuser
User created: Julie Brown
User created: Rita Betts
Table created. JKEaccounts
Account Created: 200
Account Created: 201
Account Created: 202
Account Created: 203
Account Created: 204
Account Created: 300
Account Created: 301
Account Created: 302
Account Created: 303
Account Created: 304
Table created. JKEtransactions
Transaction created: 200
Transaction created: 200
Transaction created: 200
Transaction created: 200
Transaction created: 200
Table created. JKEcontributions
Table created. JKEKeys
Table created. JKEuser
User created: Julie Brown
User created: Rita Betts
Table created. JKEaccounts
Account Created: 200
Account Created: 201
Account Created: 202
Account Created: 203
Account Created: 204
Account Created: 300
Account Created: 301
Account Created: 302
Account Created: 303
Account Created: 304
Table created. JKEtransactions
Transaction created: 200
Transaction created: 200
Transaction created: 200
Transaction created: 200
Transaction created: 200
Table created. JKEcontributions
Table created. JKEKeys
Table created. JKEuser
User created: Julie Brown
User created: Rita Betts
Table created. JKEaccounts
Account Created: 200
Account Created: 201
Account Created: 202
Account Created: 203
Account Created: 204
Account Created: 300
Account Created: 301
Account Created: 302
Account Created: 303
Account Created: 304
Table created. JKEtransactions
Transaction created: 200
Transaction created: 200
Transaction created: 200
Transaction created: 200
Transaction created: 200
Table created. JKEcontributions
Table created. JKEKeys
Table created. JKEuser
User created: Julie Brown
User created: Rita Betts
Table created. JKEaccounts
Account Created: 200
Account Created: 201
Account Created: 202
Account Created: 203
Account Created: 204
Account Created: 300
Account Created: 301
Account Created: 302
Account Created: 303
Account Created: 304
Table created. JKEtransactions
Transaction created: 200
Transaction created: 200
Transaction created: 200
Transaction created: 200
Transaction created: 200
Table created. JKEcontributions
User created: Markus Foo
Table created. JKEKeys
Table created. JKEuser
User created: Julie Brown
User created: Rita Betts
Table created. JKEaccounts
Account Created: 200
Account Created: 201
Account Created: 202
Account Created: 203
Account Created: 204
Account Created: 300
Account Created: 301
Account Created: 302
Account Created: 303
Account Created: 304
Table created. JKEtransactions
Transaction created: 200
Transaction created: 200
Transaction created: 200
Transaction created: 200
Transaction created: 200
Table created. JKEcontributions
Transaction created: 7
Table created. JKEKeys
Table created. JKEuser
User created: Julie Brown
User created: Rita Betts
Table created. JKEaccounts
Account Created: 200
Account Created: 201
Account Created: 202
Account Created: 203
Account Created: 204
Account Created: 300
Account Created: 301
Account Created: 302
Account Created: 303
Account Created: 304
Table created. JKEtransactions
Transaction created: 200
Transaction created: 200
Transaction created: 200
Transaction created: 200
Transaction created: 200
Table created. JKEcontributions
Table created. JKEKeys
Table created. JKEuser
User created: Julie Brown
User created: Rita Betts
Table created. JKEaccounts
Account Created: 200
Account Created: 201
Account Created: 202
Account Created: 203
Account Created: 204
Account Created: 300
Account Created: 301
Account Created: 302
Account Created: 303
Account Created: 304
Table created. JKEtransactions
Transaction created: 200
Transaction created: 200
Transaction created: 200
Transaction created: 200
Transaction created: 200
Table created. JKEcontributions
Account Created: 6
Table created. JKEKeys
Table created. JKEuser
User created: Julie Brown
User created: Rita Betts
Table created. JKEaccounts
Account Created: 200
Account Created: 201
Account Created: 202
Account Created: 203
Account Created: 204
Account Created: 300
Account Created: 301
Account Created: 302
Account Created: 303
Account Created: 304
Table created. JKEtransactions
Transaction created: 200
Transaction created: 200
Transaction created: 200
Transaction created: 200
Transaction created: 200
Table created. JKEcontributions
Table created. JKEKeys
Table created. JKEuser
User created: Julie Brown
User created: Rita Betts
Table created. JKEaccounts
Account Created: 200
Account Created: 201
Account Created: 202
Account Created: 203
Account Created: 204
Account Created: 300
Account Created: 301
Account Created: 302
Account Created: 303
Account Created: 304
Table created. JKEtransactions
Transaction created: 200
Transaction created: 200
Transaction created: 200
Transaction created: 200
Transaction created: 200
Table created. JKEcontributions
Table created. JKEKeys
Table created. JKEuser
User created: Julie Brown
User created: Rita Betts
Table created. JKEaccounts
Account Created: 200
Account Created: 201
Account Created: 202
Account Created: 203
Account Created: 204
Account Created: 300
Account Created: 301
Account Created: 302
Account Created: 303
Account Created: 304
Table created. JKEtransactions
Transaction created: 200
Transaction created: 200
Transaction created: 200
Transaction created: 200
Transaction created: 200
Table created. JKEcontributions
Transaction created: 200
]]></system-out>
  <system-err><![CDATA[]]></system-err>
</testsuite>
